./hs_collection_resource/views.py:125:25: E117 over-indented
./hs_collection_resource/patches/add_hasPart_term_django_shell.py:20:1: F841 local variable 'ex' is assigned to but never used
./hs_file_types/nc_functions/nc_utils.py:292:61: W504 line break after binary operator
./hs_file_types/nc_functions/nc_utils.py:354:49: E225 missing whitespace around operator
./hs_file_types/tests/test_geofeature_metadata.py:182:78: W504 line break after binary operator
./hs_file_types/tests/test_geofeature_metadata.py:184:79: W504 line break after binary operator
./hs_file_types/tests/test_geofeature_metadata.py:186:79: W504 line break after binary operator
./hs_file_types/tests/test_geofeature_metadata.py:188:78: W504 line break after binary operator
./hs_file_types/models/netcdf.py:564:43: W605 invalid escape sequence '\s'
./hs_file_types/models/raster.py:299:95: W504 line break after binary operator
./hs_file_types/models/raster.py:424:80: W504 line break after binary operator
./hs_file_types/models/raster.py:538:95: W504 line break after binary operator
./hs_file_types/models/raster.py:548:74: W504 line break after binary operator
./hs_file_types/models/timeseries.py:619:84: W504 line break after binary operator
./hs_file_types/models/timeseries.py:1243:94: W504 line break after binary operator
./hs_geographic_feature_resource/models.py:299:65: W504 line break after binary operator
./hs_geographic_feature_resource/tests/test_geo_feature.py:357:84: W504 line break after binary operator
./hs_geographic_feature_resource/tests/test_geo_feature.py:359:85: W504 line break after binary operator
./hs_geographic_feature_resource/tests/test_geo_feature.py:361:85: W504 line break after binary operator
./hs_geographic_feature_resource/tests/test_geo_feature.py:363:84: W504 line break after binary operator
./hs_geographic_feature_resource/tests/test_geo_feature.py:402:84: W504 line break after binary operator
./hs_geographic_feature_resource/tests/test_geo_feature.py:404:85: W504 line break after binary operator
./hs_geographic_feature_resource/tests/test_geo_feature.py:406:85: W504 line break after binary operator
./hs_geographic_feature_resource/tests/test_geo_feature.py:408:84: W504 line break after binary operator
./hs_geographic_feature_resource/tests/test_geo_feature.py:427:84: W504 line break after binary operator
./hs_geographic_feature_resource/tests/test_geo_feature.py:429:85: W504 line break after binary operator
./hs_geographic_feature_resource/tests/test_geo_feature.py:431:85: W504 line break after binary operator
./hs_geographic_feature_resource/tests/test_geo_feature.py:433:84: W504 line break after binary operator
./hs_composite_resource/models.py:397:60: W504 line break after binary operator
./hs_access_control/tests/utilities.py:165:43: W504 line break after binary operator
./hs_access_control/tests/utilities.py:391:73: W504 line break after binary operator
./hs_access_control/tests/utilities.py:394:70: W504 line break after binary operator
./hs_access_control/tests/utilities.py:420:75: W504 line break after binary operator
./hs_access_control/tests/utilities.py:423:70: W504 line break after binary operator
./hs_access_control/tests/utilities.py:449:73: W504 line break after binary operator
./hs_access_control/tests/utilities.py:452:72: W504 line break after binary operator
./hs_access_control/tests/utilities.py:498:73: W504 line break after binary operator
./hs_access_control/tests/utilities.py:501:73: W504 line break after binary operator
./hs_access_control/tests/utilities.py:541:75: W504 line break after binary operator
./hs_access_control/tests/utilities.py:544:73: W504 line break after binary operator
./hs_access_control/tests/utilities.py:545:74: W504 line break after binary operator
./hs_access_control/tests/utilities.py:588:75: W504 line break after binary operator
./hs_access_control/tests/utilities.py:589:75: W504 line break after binary operator
./hs_access_control/tests/utilities.py:592:73: W504 line break after binary operator
./hs_access_control/tests/utilities.py:671:79: W504 line break after binary operator
./hs_access_control/management/commands/access_community_public.py:64:88: W504 line break after binary operator
./hs_access_control/management/commands/access_public_groups.py:63:88: W504 line break after binary operator
./hs_access_control/models/user.py:114:17: E117 over-indented
./hs_access_control/models/user.py:196:17: E117 over-indented (comment)
./hs_access_control/models/user.py:197:17: E117 over-indented
./hs_access_control/models/user.py:220:80: W504 line break after binary operator
./hs_access_control/models/user.py:307:61: W504 line break after binary operator
./hs_access_control/models/user.py:310:78: W504 line break after binary operator
./hs_access_control/models/user.py:342:61: W504 line break after binary operator
./hs_access_control/models/user.py:387:61: W504 line break after binary operator
./hs_access_control/models/user.py:421:58: W504 line break after binary operator
./hs_access_control/models/user.py:424:42: W504 line break after binary operator
./hs_access_control/models/user.py:1082:38: W504 line break after binary operator
./hs_access_control/models/user.py:1085:52: W504 line break after binary operator
./hs_access_control/models/user.py:1133:60: W504 line break after binary operator
./hs_access_control/models/resource.py:87:70: W504 line break after binary operator
./hs_access_control/models/resource.py:88:65: W504 line break after binary operator
./hs_access_control/models/resource.py:134:66: W504 line break after binary operator
./hs_access_control/models/resource.py:135:61: W504 line break after binary operator
./hs_access_control/models/resource.py:158:67: W504 line break after binary operator
./hs_access_control/models/resource.py:191:71: W504 line break after binary operator
./hs_access_control/models/privilege.py:222:62: W504 line break after binary operator
./hs_access_control/models/privilege.py:223:54: W504 line break after binary operator
./hs_access_control/models/privilege.py:400:62: W504 line break after binary operator
./hs_access_control/models/privilege.py:401:57: W504 line break after binary operator
./hs_access_control/models/privilege.py:566:63: W504 line break after binary operator
./hs_access_control/models/privilege.py:567:57: W504 line break after binary operator
./hs_access_control/models/privilege.py:716:67: W504 line break after binary operator
./hs_access_control/models/privilege.py:717:53: W504 line break after binary operator
./hs_access_control/models/privilege.py:898:67: W504 line break after binary operator
./hs_access_control/models/privilege.py:899:54: W504 line break after binary operator
./hs_access_control/models/community.py:80:45: W504 line break after binary operator
./hs_access_control/models/community.py:81:48: W504 line break after binary operator
./hs_access_control/models/group.py:64:94: W504 line break after binary operator
./hs_access_control/models/group.py:163:35: W504 line break after binary operator
./hs_access_control/models/group.py:165:45: W504 line break after binary operator
./hs_access_control/models/group.py:291:75: W504 line break after binary operator
./hs_access_control/models/group.py:375:67: W504 line break after binary operator
./hs_access_control/models/group.py:376:70: W504 line break after binary operator
./hs_tracking/models.py:281:80: W504 line break after binary operator
./hs_tracking/middleware.py:8:41: W605 invalid escape sequence '\.'
./hs_tracking/tests/test_tracking.py:59:66: W504 line break after binary operator
./hs_tracking/tests/test_tracking.py:182:67: W504 line break after binary operator
./hs_tracking/tests/test_tracking.py:418:29: W605 invalid escape sequence '\ '
./hs_tracking/management/commands/instantiate_resource_ids.py:14:57: W605 invalid escape sequence '\|'
./hs_tracking/management/commands/instantiate_resource_ids.py:15:59: W605 invalid escape sequence '\|'
./hs_tracking/management/commands/instantiate_resource_ids.py:16:55: W605 invalid escape sequence '\|'
./hs_tracking/management/commands/instantiate_resource_ids.py:17:55: W605 invalid escape sequence '\|'
./hs_tracking/management/commands/stats.py:108:42: W504 line break after binary operator
./hs_tracking/management/commands/stats.py:109:40: W504 line break after binary operator
./hs_swat_modelinstance/forms.py:115:91: W504 line break after binary operator
./hs_swat_modelinstance/tests/test_swat_modelinstance_metadata.py:242:17: E117 over-indented
./hs_swat_modelinstance/tests/test_swat_modelinstance_metadata.py:343:17: E117 over-indented
./hs_app_netCDF/receivers.py:226:51: W605 invalid escape sequence '\s'
./hs_app_netCDF/models.py:382:65: W504 line break after binary operator
./hs_app_netCDF/models.py:392:65: W504 line break after binary operator
./hs_app_netCDF/forms.py:120:17: E117 over-indented
./hs_app_netCDF/forms.py:122:17: E117 over-indented
./hs_core/models.py:378:17: E117 over-indented
./hs_core/models.py:3183:43: W504 line break after binary operator
./hs_core/search_indexes.py:231:78: W504 line break after binary operator
./hs_core/search_indexes.py:471:64: W504 line break after binary operator
./hs_core/search_indexes.py:487:65: W504 line break after binary operator
./hs_core/irods.py:119:73: W504 line break after binary operator
./hs_core/discovery_form.py:62:87: W504 line break after binary operator
./hs_core/discovery_form.py:102:59: W504 line break after binary operator
./hs_core/page_processors.py:319:79: W504 line break after binary operator
./hs_core/page_processors.py:320:75: W504 line break after binary operator
./hs_core/forms.py:1076:17: E117 over-indented
./hs_core/forms.py:1078:17: E117 over-indented
./hs_core/xmlparser.py:25:75: W504 line break after binary operator
./hs_core/testing.py:53:51: W504 line break after binary operator
./hs_core/testing.py:54:73: W504 line break after binary operator
./hs_core/testing.py:200:90: W504 line break after binary operator
./hs_core/testing.py:205:85: W504 line break after binary operator
./hs_core/testing.py:208:76: W504 line break after binary operator
./hs_core/testing.py:211:85: W504 line break after binary operator
./hs_core/testing.py:252:81: W504 line break after binary operator
./hs_core/testing.py:261:81: W504 line break after binary operator
./hs_core/testing.py:287:77: W504 line break after binary operator
./hs_core/testing.py:290:76: W504 line break after binary operator
./hs_core/testing.py:293:77: W504 line break after binary operator
./hs_core/testing.py:296:76: W504 line break after binary operator
./hs_core/discovery_parser.py:263:88: W504 line break after binary operator
./hs_core/tests/api/native/test_discovery_parser.py:35:58: W504 line break after binary operator
./hs_core/tests/api/native/test_discovery_parser.py:37:79: W504 line break after binary operator
./hs_core/tests/api/native/test_discovery_parser.py:39:75: W504 line break after binary operator
./hs_core/tests/api/native/test_discovery_parser.py:41:74: W504 line break after binary operator
./hs_core/tests/api/native/test_discovery_parser.py:43:75: W504 line break after binary operator
./hs_core/tests/api/native/test_discovery_parser.py:45:72: W504 line break after binary operator
./hs_core/tests/api/native/test_discovery_parser.py:49:88: W504 line break after binary operator
./hs_core/tests/api/native/test_discovery_parser.py:60:83: W504 line break after binary operator
./hs_core/tests/api/native/test_discovery_parser.py:67:71: W504 line break after binary operator
./hs_core/tests/api/native/test_discovery_parser.py:101:79: W504 line break after binary operator
./hs_core/tests/api/native/test_discovery_parser.py:103:76: W504 line break after binary operator
./hs_core/tests/api/native/test_discovery_parser.py:105:73: W504 line break after binary operator
./hs_core/tests/api/native/test_discovery_parser.py:107:81: W504 line break after binary operator
./hs_core/tests/api/native/test_discovery_parser.py:109:78: W504 line break after binary operator
./hs_core/tests/api/native/test_discovery_parser.py:111:75: W504 line break after binary operator
./hs_core/tests/api/native/test_discovery_parser.py:113:85: W504 line break after binary operator
./hs_core/tests/api/native/test_discovery_parser.py:115:82: W504 line break after binary operator
./hs_core/tests/api/native/test_discovery_parser.py:117:79: W504 line break after binary operator
./hs_core/tests/api/native/test_discovery_parser.py:119:81: W504 line break after binary operator
./hs_core/tests/api/native/test_discovery_parser.py:121:78: W504 line break after binary operator
./hs_core/tests/api/native/test_discovery_parser.py:123:75: W504 line break after binary operator
./hs_core/management/utils.py:105:13: E117 over-indented
./hs_core/management/utils.py:138:21: E117 over-indented
./hs_core/management/utils.py:430:31: F523 '...'.format(...) has unused arguments at position(s): 2
./hs_core/management/commands/add_owner.py:21:90: W504 line break after binary operator
./hs_core/management/commands/add_owner.py:26:89: W504 line break after binary operator
./hs_core/management/commands/add_owner.py:31:85: W504 line break after binary operator
./hs_core/management/commands/solr_prepare.py:16:74: W504 line break after binary operator
./hs_core/management/commands/solr_update.py:69:77: W504 line break after binary operator
./hs_core/hydroshare/resource.py:320:5: F901 'raise NotImplemented' should be 'raise NotImplementedError'
./hs_core/hydroshare/utils.py:905:17: E117 over-indented
./hs_core/views/utils.py:325:88: W504 line break after binary operator
./theme/backends.py:19:52: W504 line break after binary operator
./theme/management/commands/set_quota_holder.py:39:74: W504 line break after binary operator
./theme/management/commands/set_quota_holder.py:46:93: W504 line break after binary operator
./theme/management/commands/set_quota_holder.py:53:92: W504 line break after binary operator
./theme/management/commands/set_quota_holder.py:60:88: W504 line break after binary operator
./hs_modflow_modelinstance/models.py:655:17: E117 over-indented
./hs_modflow_modelinstance/models.py:877:25: E117 over-indented
./hs_modflow_modelinstance/models.py:881:25: E117 over-indented
./hs_modflow_modelinstance/models.py:884:25: E117 over-indented
./hs_modflow_modelinstance/models.py:912:25: E117 over-indented
./hs_modflow_modelinstance/models.py:916:25: E117 over-indented
./hs_modflow_modelinstance/models.py:919:25: E117 over-indented
./hs_modflow_modelinstance/forms.py:77:91: W504 line break after binary operator
./hs_geo_raster_resource/patches/manual_custom_migration_raster_ori_cov_meta_update_20161121.py:37:5: F841 local variable 'e' is assigned to but never used
./hs_app_timeseries/models.py:302:52: W504 line break after binary operator
./hs_app_timeseries/models.py:429:50: W504 line break after binary operator
./hs_app_timeseries/models.py:550:52: W504 line break after binary operator
./hs_app_timeseries/models.py:551:53: W504 line break after binary operator
./hs_app_timeseries/models.py:1725:63: W504 line break after binary operator
./hs_app_timeseries/models.py:1929:66: W504 line break after binary operator
./hs_app_timeseries/models.py:1991:69: W504 line break after binary operator
./hs_app_timeseries/forms.py:736:98: W504 line break after binary operator
./hs_discover/views.py:149:9: F841 local variable 'type_ex' is assigned to but never used
./hs_discover/views.py:205:21: F841 local variable 'gen_creator_ex' is assigned to but never used
./hs_communities/management/commands/check_czo_groups.py:51:90: W504 line break after binary operator
./hs_communities/management/commands/check_czo_groups.py:57:88: W504 line break after binary operator
./hs_communities/management/commands/check_czo_groups.py:63:84: W504 line break after binary operator
